<?xml version="1.0" encoding="UTF-8"?>
<!-- Generated by org.testng.reporters.JUnitReportReporter -->
<testsuite skipped="0" hostname="Mohsin-PC" name="com.utility.TakeScreenShot" tests="1" failures="0" timestamp="17 Jun 2018 09:36:54 GMT" time="0.456" errors="0">
  <testcase name="takeScreenShot" time="0.456" classname="com.utility.TakeScreenShot"/>
</testsuite> <!-- com.utility.TakeScreenShot -->
