<?xml version="1.0" encoding="UTF-8"?>
<!-- Generated by org.testng.reporters.JUnitReportReporter -->
<testsuite skipped="1" hostname="Mohsin-PC" name="com.excel.utility.ExcelDataProvider" tests="1" failures="0" timestamp="17 Jun 2018 02:38:51 GMT" time="0.000" errors="0">
  <testcase name="loginApp" time="0.000" classname="com.excel.utility.ExcelDataProvider">
    <skipped/>
  </testcase> <!-- loginApp -->
</testsuite> <!-- com.excel.utility.ExcelDataProvider -->
