<?xml version="1.0" encoding="UTF-8"?>
<!-- Generated by org.testng.reporters.JUnitReportReporter -->
<testsuite skipped="3" hostname="Mohsin-PC" name="Facebook.FacebookLogin" tests="3" failures="0" timestamp="25 Jun 2018 09:40:01 GMT" time="0.000" errors="0">
  <testcase name="getUrl" time="0.000" classname="Facebook.FacebookLogin">
    <skipped/>
  </testcase> <!-- getUrl -->
  <testcase name="logInTest" time="0.000" classname="Facebook.FacebookLogin">
    <skipped/>
  </testcase> <!-- logInTest -->
  <testcase name="logOutTest" time="0.000" classname="Facebook.FacebookLogin">
    <skipped/>
  </testcase> <!-- logOutTest -->
</testsuite> <!-- Facebook.FacebookLogin -->
