<?xml version="1.0" encoding="UTF-8"?>
<!-- Generated by org.testng.reporters.JUnitReportReporter -->
<testsuite skipped="0" hostname="Mohsin-PC" name="Loan.DataProviderAnnotationCheck" tests="3" failures="0" timestamp="17 Jun 2018 01:00:35 GMT" time="0.016" errors="0">
  <testcase name="loginApp" time="0.002" classname="Loan.DataProviderAnnotationCheck"/>
  <testcase name="loginApp" time="0.002" classname="Loan.DataProviderAnnotationCheck"/>
  <testcase name="loginApp" time="0.012" classname="Loan.DataProviderAnnotationCheck"/>
</testsuite> <!-- Loan.DataProviderAnnotationCheck -->
