<?xml version="1.0" encoding="UTF-8"?>
<!-- Generated by org.testng.reporters.JUnitReportReporter -->
<testsuite skipped="0" hostname="Mohsin-PC" name="Loan.EducationLoan" tests="8" failures="0" timestamp="25 Jun 2018 09:40:01 GMT" time="0.008" errors="0">
  <testcase name="eduLoanCompoundInterest" time="0.001" classname="Loan.EducationLoan"/>
  <testcase name="eduLoanguaranter" time="0.001" classname="Loan.EducationLoan"/>
  <testcase name="eduLoanEmiNum" time="0.001" classname="Loan.EducationLoan"/>
  <testcase name="eduLoanInterest" time="0.001" classname="Loan.EducationLoan"/>
  <testcase name="eduLoanEmiAmount" time="0.001" classname="Loan.EducationLoan"/>
  <testcase name="eduLoanDocs" time="0.001" classname="Loan.EducationLoan"/>
  <testcase name="eduLoanPrinciple" time="0.001" classname="Loan.EducationLoan"/>
  <testcase name="eduLoanDuration" time="0.001" classname="Loan.EducationLoan"/>
</testsuite> <!-- Loan.EducationLoan -->
