<?xml version="1.0" encoding="UTF-8"?>
<!-- Generated by org.testng.reporters.JUnitReportReporter -->
<testsuite skipped="0" hostname="Mohsin-PC" name="Loan.PersonalLoan" tests="8" failures="0" timestamp="25 Jun 2018 09:40:01 GMT" time="0.009" errors="0">
  <testcase name="perLoanDuration" time="0.001" classname="Loan.PersonalLoan"/>
  <testcase name="perLoanEmiAmount" time="0.001" classname="Loan.PersonalLoan"/>
  <testcase name="perLoanDocs" time="0.002" classname="Loan.PersonalLoan"/>
  <testcase name="perLoanEmiNum" time="0.001" classname="Loan.PersonalLoan"/>
  <testcase name="perLoanPrinciple" time="0.001" classname="Loan.PersonalLoan"/>
  <testcase name="perLoanCompoundInterest" time="0.001" classname="Loan.PersonalLoan"/>
  <testcase name="perLoanInterest" time="0.001" classname="Loan.PersonalLoan"/>
  <testcase name="perLoanguaranter" time="0.001" classname="Loan.PersonalLoan"/>
</testsuite> <!-- Loan.PersonalLoan -->
