<?xml version="1.0" encoding="UTF-8"?>
<!-- Generated by org.testng.reporters.JUnitReportReporter -->
<testsuite skipped="0" hostname="Mohsin-PC" name="com.excel.utility.ExcelData" tests="4" failures="0" timestamp="17 Jun 2018 02:00:12 GMT" time="0.707" errors="0">
  <testcase name="loginApp" time="0.001" classname="com.excel.utility.ExcelData"/>
  <testcase name="loginApp" time="0.010" classname="com.excel.utility.ExcelData"/>
  <testcase name="readExcel" time="0.695" classname="com.excel.utility.ExcelData"/>
  <testcase name="loginApp" time="0.001" classname="com.excel.utility.ExcelData"/>
</testsuite> <!-- com.excel.utility.ExcelData -->
