<?xml version="1.0" encoding="UTF-8"?>
<!-- Generated by org.testng.reporters.JUnitReportReporter -->
<testsuite skipped="4" hostname="Mohsin-PC" name="Loan.HomeLoan" tests="4" failures="0" timestamp="25 Jun 2018 09:40:01 GMT" time="0.000" errors="0">
  <testcase name="homeLoanPrinciple" time="0.000" classname="Loan.HomeLoan">
    <skipped/>
  </testcase> <!-- homeLoanPrinciple -->
  <testcase name="homeLoanInterest" time="0.000" classname="Loan.HomeLoan">
    <skipped/>
  </testcase> <!-- homeLoanInterest -->
  <testcase name="homeLoanDocs" time="0.000" classname="Loan.HomeLoan">
    <skipped/>
  </testcase> <!-- homeLoanDocs -->
  <testcase name="homeLoanDuration" time="0.000" classname="Loan.HomeLoan">
    <skipped/>
  </testcase> <!-- homeLoanDuration -->
</testsuite> <!-- Loan.HomeLoan -->
